{"/Users/Natalie/Code/shopping-cart-1/cart.js": {"path":"/Users/Natalie/Code/shopping-cart-1/cart.js","all":false,"statementMap":{"0":{"start":{"line":1,"column":0},"end":{"line":1,"column":12}},"1":{"start":{"line":2,"column":0},"end":{"line":2,"column":17}},"2":{"start":{"line":3,"column":0},"end":{"line":3,"column":20}},"3":{"start":{"line":4,"column":0},"end":{"line":4,"column":19}},"4":{"start":{"line":5,"column":0},"end":{"line":5,"column":12}},"5":{"start":{"line":6,"column":0},"end":{"line":6,"column":12}},"6":{"start":{"line":7,"column":0},"end":{"line":7,"column":12}},"7":{"start":{"line":8,"column":0},"end":{"line":8,"column":12}},"8":{"start":{"line":9,"column":0},"end":{"line":9,"column":6}},"9":{"start":{"line":10,"column":0},"end":{"line":10,"column":23}},"10":{"start":{"line":11,"column":0},"end":{"line":11,"column":10}},"11":{"start":{"line":12,"column":0},"end":{"line":12,"column":20}},"12":{"start":{"line":13,"column":0},"end":{"line":13,"column":19}},"13":{"start":{"line":14,"column":0},"end":{"line":14,"column":8}},"14":{"start":{"line":15,"column":0},"end":{"line":15,"column":10}},"15":{"start":{"line":16,"column":0},"end":{"line":16,"column":20}},"16":{"start":{"line":17,"column":0},"end":{"line":17,"column":18}},"17":{"start":{"line":18,"column":0},"end":{"line":18,"column":8}},"18":{"start":{"line":19,"column":0},"end":{"line":19,"column":6}},"19":{"start":{"line":20,"column":0},"end":{"line":20,"column":3}},"20":{"start":{"line":21,"column":0},"end":{"line":21,"column":27}},"21":{"start":{"line":22,"column":0},"end":{"line":22,"column":32}},"22":{"start":{"line":23,"column":0},"end":{"line":23,"column":29}},"23":{"start":{"line":24,"column":0},"end":{"line":24,"column":37}},"24":{"start":{"line":25,"column":0},"end":{"line":25,"column":14}},"25":{"start":{"line":26,"column":0},"end":{"line":26,"column":36}},"26":{"start":{"line":27,"column":0},"end":{"line":27,"column":7}},"27":{"start":{"line":28,"column":0},"end":{"line":28,"column":5}},"28":{"start":{"line":29,"column":0},"end":{"line":29,"column":2}},"29":{"start":{"line":30,"column":0},"end":{"line":30,"column":23}},"30":{"start":{"line":31,"column":0},"end":{"line":31,"column":21}},"31":{"start":{"line":32,"column":0},"end":{"line":32,"column":36}},"32":{"start":{"line":33,"column":0},"end":{"line":33,"column":39}},"33":{"start":{"line":34,"column":0},"end":{"line":34,"column":37}},"34":{"start":{"line":35,"column":0},"end":{"line":35,"column":34}},"35":{"start":{"line":36,"column":0},"end":{"line":36,"column":43}},"36":{"start":{"line":37,"column":0},"end":{"line":37,"column":67}},"37":{"start":{"line":38,"column":0},"end":{"line":38,"column":64}},"38":{"start":{"line":39,"column":0},"end":{"line":39,"column":14}},"39":{"start":{"line":40,"column":0},"end":{"line":40,"column":46}},"40":{"start":{"line":41,"column":0},"end":{"line":41,"column":7}},"41":{"start":{"line":42,"column":0},"end":{"line":42,"column":5}},"42":{"start":{"line":43,"column":0},"end":{"line":43,"column":20}},"43":{"start":{"line":44,"column":0},"end":{"line":44,"column":3}},"44":{"start":{"line":45,"column":0},"end":{"line":45,"column":1}},"45":{"start":{"line":46,"column":0},"end":{"line":46,"column":22}}},"s":{"0":1,"1":1,"2":10,"3":10,"4":10,"5":10,"6":10,"7":10,"8":10,"9":10,"10":10,"11":10,"12":10,"13":10,"14":10,"15":10,"16":10,"17":10,"18":10,"19":10,"20":1,"21":18,"22":18,"23":1,"24":18,"25":15,"26":15,"27":18,"28":1,"29":1,"30":9,"31":9,"32":15,"33":14,"34":15,"35":9,"36":9,"37":9,"38":15,"39":5,"40":5,"41":15,"42":9,"43":9,"44":1,"45":1},"branchMap":{"0":{"type":"branch","line":2,"loc":{"start":{"line":2,"column":2},"end":{"line":20,"column":3}},"locations":[{"start":{"line":2,"column":2},"end":{"line":20,"column":3}}]},"1":{"type":"branch","line":21,"loc":{"start":{"line":21,"column":2},"end":{"line":28,"column":5}},"locations":[{"start":{"line":21,"column":2},"end":{"line":28,"column":5}}]},"2":{"type":"branch","line":22,"loc":{"start":{"line":22,"column":25},"end":{"line":22,"column":32}},"locations":[{"start":{"line":22,"column":25},"end":{"line":22,"column":32}}]},"3":{"type":"branch","line":22,"loc":{"start":{"line":22,"column":25},"end":{"line":23,"column":28}},"locations":[{"start":{"line":22,"column":25},"end":{"line":23,"column":28}}]},"4":{"type":"branch","line":23,"loc":{"start":{"line":23,"column":28},"end":{"line":25,"column":7}},"locations":[{"start":{"line":23,"column":28},"end":{"line":25,"column":7}}]},"5":{"type":"branch","line":25,"loc":{"start":{"line":25,"column":7},"end":{"line":27,"column":7}},"locations":[{"start":{"line":25,"column":7},"end":{"line":27,"column":7}}]},"6":{"type":"branch","line":30,"loc":{"start":{"line":30,"column":2},"end":{"line":44,"column":3}},"locations":[{"start":{"line":30,"column":2},"end":{"line":44,"column":3}}]},"7":{"type":"branch","line":32,"loc":{"start":{"line":32,"column":35},"end":{"line":42,"column":5}},"locations":[{"start":{"line":32,"column":35},"end":{"line":42,"column":5}}]},"8":{"type":"branch","line":33,"loc":{"start":{"line":33,"column":30},"end":{"line":33,"column":39}},"locations":[{"start":{"line":33,"column":30},"end":{"line":33,"column":39}}]},"9":{"type":"branch","line":33,"loc":{"start":{"line":33,"column":30},"end":{"line":35,"column":33}},"locations":[{"start":{"line":33,"column":30},"end":{"line":35,"column":33}}]},"10":{"type":"branch","line":35,"loc":{"start":{"line":35,"column":33},"end":{"line":39,"column":7}},"locations":[{"start":{"line":35,"column":33},"end":{"line":39,"column":7}}]},"11":{"type":"branch","line":39,"loc":{"start":{"line":39,"column":7},"end":{"line":41,"column":7}},"locations":[{"start":{"line":39,"column":7},"end":{"line":41,"column":7}}]}},"b":{"0":[10],"1":[18],"2":[2],"3":[16],"4":[1],"5":[15],"6":[9],"7":[15],"8":[1],"9":[14],"10":[9],"11":[5]},"fnMap":{"0":{"name":"Cart","decl":{"start":{"line":2,"column":2},"end":{"line":20,"column":3}},"loc":{"start":{"line":2,"column":2},"end":{"line":20,"column":3}},"line":2},"1":{"name":"addItem","decl":{"start":{"line":21,"column":2},"end":{"line":28,"column":5}},"loc":{"start":{"line":21,"column":2},"end":{"line":28,"column":5}},"line":21},"2":{"name":"calculateSubtotal","decl":{"start":{"line":30,"column":2},"end":{"line":44,"column":3}},"loc":{"start":{"line":30,"column":2},"end":{"line":44,"column":3}},"line":30}},"f":{"0":10,"1":18,"2":9}}
}
