{"/Users/Natalie/Code/shopping-cart-1/cart.js": {"path":"/Users/Natalie/Code/shopping-cart-1/cart.js","all":false,"statementMap":{"0":{"start":{"line":1,"column":0},"end":{"line":1,"column":12}},"1":{"start":{"line":2,"column":0},"end":{"line":2,"column":17}},"2":{"start":{"line":3,"column":0},"end":{"line":3,"column":20}},"3":{"start":{"line":4,"column":0},"end":{"line":4,"column":19}},"4":{"start":{"line":5,"column":0},"end":{"line":5,"column":12}},"5":{"start":{"line":6,"column":0},"end":{"line":6,"column":12}},"6":{"start":{"line":7,"column":0},"end":{"line":7,"column":12}},"7":{"start":{"line":8,"column":0},"end":{"line":8,"column":12}},"8":{"start":{"line":9,"column":0},"end":{"line":9,"column":6}},"9":{"start":{"line":10,"column":0},"end":{"line":10,"column":23}},"10":{"start":{"line":11,"column":0},"end":{"line":11,"column":10}},"11":{"start":{"line":12,"column":0},"end":{"line":12,"column":20}},"12":{"start":{"line":13,"column":0},"end":{"line":13,"column":19}},"13":{"start":{"line":14,"column":0},"end":{"line":14,"column":8}},"14":{"start":{"line":15,"column":0},"end":{"line":15,"column":10}},"15":{"start":{"line":16,"column":0},"end":{"line":16,"column":20}},"16":{"start":{"line":17,"column":0},"end":{"line":17,"column":18}},"17":{"start":{"line":18,"column":0},"end":{"line":18,"column":8}},"18":{"start":{"line":19,"column":0},"end":{"line":19,"column":6}},"19":{"start":{"line":20,"column":0},"end":{"line":20,"column":3}},"20":{"start":{"line":21,"column":0},"end":{"line":21,"column":29}},"21":{"start":{"line":22,"column":0},"end":{"line":22,"column":28}},"22":{"start":{"line":23,"column":0},"end":{"line":23,"column":35}},"23":{"start":{"line":24,"column":0},"end":{"line":24,"column":7}},"24":{"start":{"line":25,"column":0},"end":{"line":25,"column":12}},"25":{"start":{"line":26,"column":0},"end":{"line":26,"column":37}},"26":{"start":{"line":27,"column":0},"end":{"line":27,"column":7}},"27":{"start":{"line":28,"column":0},"end":{"line":28,"column":3}},"28":{"start":{"line":29,"column":0},"end":{"line":29,"column":23}},"29":{"start":{"line":30,"column":0},"end":{"line":30,"column":18}},"30":{"start":{"line":31,"column":0},"end":{"line":31,"column":38}},"31":{"start":{"line":32,"column":0},"end":{"line":32,"column":42}},"32":{"start":{"line":33,"column":0},"end":{"line":33,"column":40}},"33":{"start":{"line":34,"column":0},"end":{"line":34,"column":38}},"34":{"start":{"line":35,"column":0},"end":{"line":35,"column":48}},"35":{"start":{"line":36,"column":0},"end":{"line":36,"column":70}},"36":{"start":{"line":37,"column":0},"end":{"line":37,"column":65}},"37":{"start":{"line":38,"column":0},"end":{"line":38,"column":18}},"38":{"start":{"line":39,"column":0},"end":{"line":39,"column":49}},"39":{"start":{"line":40,"column":0},"end":{"line":40,"column":11}},"40":{"start":{"line":41,"column":0},"end":{"line":41,"column":7}},"41":{"start":{"line":42,"column":0},"end":{"line":42,"column":24}},"42":{"start":{"line":43,"column":0},"end":{"line":43,"column":17}},"43":{"start":{"line":44,"column":0},"end":{"line":44,"column":3}},"44":{"start":{"line":45,"column":0},"end":{"line":45,"column":1}},"45":{"start":{"line":46,"column":0},"end":{"line":46,"column":21}}},"s":{"0":1,"1":1,"2":6,"3":6,"4":6,"5":6,"6":6,"7":6,"8":6,"9":6,"10":6,"11":6,"12":6,"13":6,"14":6,"15":6,"16":6,"17":6,"18":6,"19":6,"20":1,"21":12,"22":1,"23":1,"24":11,"25":11,"26":11,"27":12,"28":1,"29":6,"30":6,"31":11,"32":10,"33":11,"34":7,"35":7,"36":7,"37":11,"38":3,"39":3,"40":11,"41":6,"42":6,"43":6,"44":1,"45":1},"branchMap":{"0":{"type":"branch","line":2,"loc":{"start":{"line":2,"column":2},"end":{"line":20,"column":3}},"locations":[{"start":{"line":2,"column":2},"end":{"line":20,"column":3}}]},"1":{"type":"branch","line":21,"loc":{"start":{"line":21,"column":4},"end":{"line":28,"column":3}},"locations":[{"start":{"line":21,"column":4},"end":{"line":28,"column":3}}]},"2":{"type":"branch","line":22,"loc":{"start":{"line":22,"column":27},"end":{"line":24,"column":7}},"locations":[{"start":{"line":22,"column":27},"end":{"line":24,"column":7}}]},"3":{"type":"branch","line":25,"loc":{"start":{"line":25,"column":-1},"end":{"line":27,"column":7}},"locations":[{"start":{"line":25,"column":-1},"end":{"line":27,"column":7}}]},"4":{"type":"branch","line":29,"loc":{"start":{"line":29,"column":2},"end":{"line":44,"column":3}},"locations":[{"start":{"line":29,"column":2},"end":{"line":44,"column":3}}]},"5":{"type":"branch","line":31,"loc":{"start":{"line":31,"column":37},"end":{"line":41,"column":7}},"locations":[{"start":{"line":31,"column":37},"end":{"line":41,"column":7}}]},"6":{"type":"branch","line":32,"loc":{"start":{"line":32,"column":34},"end":{"line":32,"column":42}},"locations":[{"start":{"line":32,"column":34},"end":{"line":32,"column":42}}]},"7":{"type":"branch","line":32,"loc":{"start":{"line":32,"column":34},"end":{"line":34,"column":37}},"locations":[{"start":{"line":32,"column":34},"end":{"line":34,"column":37}}]},"8":{"type":"branch","line":34,"loc":{"start":{"line":34,"column":37},"end":{"line":38,"column":11}},"locations":[{"start":{"line":34,"column":37},"end":{"line":38,"column":11}}]},"9":{"type":"branch","line":38,"loc":{"start":{"line":38,"column":11},"end":{"line":40,"column":11}},"locations":[{"start":{"line":38,"column":11},"end":{"line":40,"column":11}}]}},"b":{"0":[6],"1":[12],"2":[1],"3":[11],"4":[6],"5":[11],"6":[1],"7":[10],"8":[7],"9":[3]},"fnMap":{"0":{"name":"Cart","decl":{"start":{"line":2,"column":2},"end":{"line":20,"column":3}},"loc":{"start":{"line":2,"column":2},"end":{"line":20,"column":3}},"line":2},"1":{"name":"addItem","decl":{"start":{"line":21,"column":4},"end":{"line":28,"column":3}},"loc":{"start":{"line":21,"column":4},"end":{"line":28,"column":3}},"line":21},"2":{"name":"calculateSubTotal","decl":{"start":{"line":29,"column":2},"end":{"line":44,"column":3}},"loc":{"start":{"line":29,"column":2},"end":{"line":44,"column":3}},"line":29}},"f":{"0":6,"1":12,"2":6}}
}
