TN:
SF:cart.js
FN:2,Cart
FN:21,addItem
FN:29,calculateSubTotal
FNF:3
FNH:3
FNDA:7,Cart
FNDA:16,addItem
FNDA:7,calculateSubTotal
DA:1,1
DA:2,1
DA:3,7
DA:4,7
DA:5,7
DA:6,7
DA:7,7
DA:8,7
DA:9,7
DA:10,7
DA:11,7
DA:12,7
DA:13,7
DA:14,7
DA:15,7
DA:16,7
DA:17,7
DA:18,7
DA:19,7
DA:20,7
DA:21,1
DA:22,16
DA:23,1
DA:24,1
DA:25,15
DA:26,15
DA:27,15
DA:28,16
DA:29,1
DA:30,7
DA:31,7
DA:32,15
DA:33,14
DA:34,15
DA:35,9
DA:36,9
DA:37,9
DA:38,15
DA:39,5
DA:40,5
DA:41,15
DA:42,7
DA:43,7
DA:44,1
DA:45,1
LF:45
LH:45
BRDA:2,0,0,7
BRDA:21,1,0,16
BRDA:22,2,0,1
BRDA:25,3,0,15
BRDA:29,4,0,7
BRDA:31,5,0,15
BRDA:32,6,0,1
BRDA:32,7,0,14
BRDA:34,8,0,9
BRDA:38,9,0,5
BRF:10
BRH:10
end_of_record
