TN:
SF:cart.js
FN:1,<instance_members_initializer>
FN:6,Cart
FN:25,addItem
FN:36,calculateSubtotal
FNF:4
FNH:4
FNDA:10,<instance_members_initializer>
FNDA:10,Cart
FNDA:19,addItem
FNDA:10,calculateSubtotal
DA:1,1
DA:2,10
DA:3,10
DA:4,10
DA:5,10
DA:6,10
DA:7,10
DA:8,10
DA:9,10
DA:10,10
DA:11,10
DA:12,10
DA:13,10
DA:14,10
DA:15,10
DA:16,10
DA:17,10
DA:18,10
DA:19,10
DA:20,10
DA:21,10
DA:22,10
DA:23,10
DA:24,10
DA:25,10
DA:26,19
DA:27,19
DA:28,16
DA:29,1
DA:30,16
DA:31,15
DA:32,15
DA:33,16
DA:34,19
DA:35,10
DA:36,10
DA:37,10
DA:38,10
DA:39,15
DA:40,15
DA:41,10
DA:42,10
DA:43,10
DA:44,15
DA:45,5
DA:46,5
DA:47,15
DA:48,10
DA:49,10
DA:50,10
DA:51,1
DA:52,1
DA:53,1
DA:54,1
DA:55,1
DA:56,1
LF:56
LH:56
BRDA:1,0,0,10
BRDA:6,1,0,10
BRDA:25,2,0,19
BRDA:26,3,0,2
BRDA:26,4,0,17
BRDA:27,5,0,16
BRDA:28,6,0,1
BRDA:30,7,0,15
BRDA:36,8,0,10
BRDA:38,9,0,15
BRDA:40,10,0,10
BRDA:44,11,0,5
BRF:12
BRH:12
end_of_record
TN:
SF:index.js
FN:4,fetchDataAndGetSubtotal
FNF:1
FNH:1
FNDA:3,fetchDataAndGetSubtotal
DA:1,1
DA:2,1
DA:3,1
DA:4,1
DA:5,3
DA:6,3
DA:7,2
DA:8,2
DA:9,2
DA:10,2
DA:11,2
DA:12,2
DA:13,2
DA:14,3
DA:15,1
DA:16,1
DA:17,1
DA:18,1
DA:19,1
LF:19
LH:19
BRDA:4,0,0,3
BRDA:6,1,0,2
BRDA:9,2,0,4
BRF:3
BRH:3
end_of_record
